INFO: [VRFC 10-2263] Analyzing Verilog file "C:/Users/ynn1999/Lab4433/Lab3333.srcs/sources_1/new/counter_n.v" into library xil_defaultlib
INFO: [VRFC 10-311] analyzing module counter_n
INFO: [VRFC 10-2263] Analyzing Verilog file "C:/Users/ynn1999/Lab4433/Lab3333.srcs/sources_1/imports/Lab3/new-20201102T023832Z-001/new/full_adder_newrca.v" into library xil_defaultlib
INFO: [VRFC 10-311] analyzing module full_adder_newrca
INFO: [VRFC 10-2263] Analyzing Verilog file "C:/Users/ynn1999/Lab4433/Lab3333.srcs/sources_1/imports/Lab3/new-20201102T023832Z-001/new/half_adder_newrca.v" into library xil_defaultlib
INFO: [VRFC 10-311] analyzing module half_adder_newrca
INFO: [VRFC 10-2263] Analyzing Verilog file "C:/Users/ynn1999/Lab4433/Lab3333.srcs/sources_1/imports/Lab3/lab3_1/lab3_1.srcs/sources_1/new/vga.v" into library xil_defaultlib
INFO: [VRFC 10-311] analyzing module vga
INFO: [VRFC 10-2263] Analyzing Verilog file "C:/Users/ynn1999/Lab4433/Lab3333.srcs/sources_1/imports/Lab3/new-20201102T023832Z-001/new/Combine.v" into library xil_defaultlib
INFO: [VRFC 10-311] analyzing module Combine
INFO: [VRFC 10-2263] Analyzing Verilog file "C:/Users/ynn1999/Lab4433/Lab3333.srcs/sources_1/imports/new/clock_divider.v" into library xil_defaultlib
INFO: [VRFC 10-311] analyzing module clock_divider
INFO: [VRFC 10-2263] Analyzing Verilog file "C:/Users/ynn1999/Lab4433/Lab3333.srcs/sources_1/imports/new/v_counter.v" into library xil_defaultlib
INFO: [VRFC 10-311] analyzing module v_counter
INFO: [VRFC 10-2263] Analyzing Verilog file "C:/Users/ynn1999/Lab4433/Lab3333.srcs/sources_1/imports/new/h_counter.v" into library xil_defaultlib
INFO: [VRFC 10-311] analyzing module h_counter
INFO: [VRFC 10-2263] Analyzing Verilog file "C:/Users/ynn1999/Lab4433/Lab3333.srcs/sources_1/new/keyboard-driver.v" into library xil_defaultlib
INFO: [VRFC 10-311] analyzing module Keyboard
INFO: [VRFC 10-2263] Analyzing Verilog file "C:/Users/ynn1999/Lab4433/Lab3333.srcs/sources_1/new/difficulty.v" into library xil_defaultlib
INFO: [VRFC 10-311] analyzing module difficulty
INFO: [VRFC 10-2263] Analyzing Verilog file "C:/Users/ynn1999/Lab4433/Lab3333.srcs/sources_1/new/CLK1HZ.v" into library xil_defaultlib
INFO: [VRFC 10-311] analyzing module CLK1HZ
INFO: [VRFC 10-2263] Analyzing Verilog file "C:/Users/ynn1999/Lab4433/Lab3333.srcs/sources_1/new/GenerSequen.v" into library xil_defaultlib
INFO: [VRFC 10-311] analyzing module GenerSequen
INFO: [VRFC 10-2263] Analyzing Verilog file "C:/Users/ynn1999/Lab4433/Lab3333.srcs/sources_1/new/Start.v" into library xil_defaultlib
INFO: [VRFC 10-311] analyzing module Start
INFO: [VRFC 10-2263] Analyzing Verilog file "C:/Users/ynn1999/Lab4433/Lab3333.srcs/sources_1/new/Gst.v" into library xil_defaultlib
INFO: [VRFC 10-311] analyzing module Gst
INFO: [VRFC 10-2263] Analyzing Verilog file "C:/Users/ynn1999/Lab4433/Lab3333.srcs/sources_1/new/displaydiff.v" into library xil_defaultlib
INFO: [VRFC 10-311] analyzing module displaydiff
INFO: [VRFC 10-2263] Analyzing Verilog file "C:/Users/ynn1999/Lab4433/Lab3333.srcs/sim_1/new/vga_tb.v" into library xil_defaultlib
INFO: [VRFC 10-311] analyzing module tb_vga
INFO: [VRFC 10-2263] Analyzing Verilog file "C:/Users/ynn1999/Lab4433/Lab3333.srcs/sim_1/new/display_tb.v" into library xil_defaultlib
INFO: [VRFC 10-311] analyzing module display_tb
INFO: [VRFC 10-2263] Analyzing Verilog file "C:/Users/ynn1999/Lab4433/Lab3333.sim/sim_1/behav/xsim/glbl.v" into library xil_defaultlib
INFO: [VRFC 10-311] analyzing module glbl
