#-----------------------------------------------------------
# Vivado v2019.1 (64-bit)
# SW Build 2552052 on Fri May 24 14:49:42 MDT 2019
# IP Build 2548770 on Fri May 24 18:01:18 MDT 2019
# Start of session at: Wed Dec  9 19:15:31 2020
# Process ID: 3128
# Current directory: C:/Users/ynn1999/FJTPDS
# Command line: vivado.exe -gui_launcher_event rodinguilauncherevent10356 C:\Users\ynn1999\FJTPDS\Lab3333.xpr
# Log file: C:/Users/ynn1999/FJTPDS/vivado.log
# Journal file: C:/Users/ynn1999/FJTPDS\vivado.jou
#-----------------------------------------------------------
start_gui
open_project C:/Users/ynn1999/FJTPDS/Lab3333.xpr
INFO: [Project 1-313] Project file moved from 'X:/Lab4433 new/Lab4433' since last save.
Scanning sources...
Finished scanning sources
INFO: [IP_Flow 19-234] Refreshing IP repositories
INFO: [IP_Flow 19-1704] No user IP repositories specified
INFO: [IP_Flow 19-2313] Loaded Vivado IP repository 'C:/Xilinx/Vivado/2019.1/data/ip'.
open_project: Time (s): cpu = 00:00:15 ; elapsed = 00:00:07 . Memory (MB): peak = 863.867 ; gain = 213.887
reset_run synth_1
launch_runs impl_1 -to_step write_bitstream -jobs 6
[Wed Dec  9 19:20:46 2020] Launched synth_1...
Run output will be captured here: C:/Users/ynn1999/FJTPDS/Lab3333.runs/synth_1/runme.log
[Wed Dec  9 19:20:46 2020] Launched impl_1...
Run output will be captured here: C:/Users/ynn1999/FJTPDS/Lab3333.runs/impl_1/runme.log
open_hw
connect_hw_server
INFO: [Labtools 27-2285] Connecting to hw_server url TCP:localhost:3121
open_hw_target
INFO: [Labtoolstcl 44-466] Opening hw_target localhost:3121/xilinx_tcf/Digilent/210292ABF8F8A
set_property PROGRAM.FILE {C:/Users/ynn1999/FJTPDS/Lab3333.runs/impl_1/Combine.bit} [get_hw_devices xc7a100t_0]
current_hw_device [get_hw_devices xc7a100t_0]
refresh_hw_device -update_hw_probes false [lindex [get_hw_devices xc7a100t_0] 0]
INFO: [Labtools 27-1434] Device xc7a100t (JTAG device index = 0) is programmed with a design that has no supported debug core(s) in it.
set_property PROBES.FILE {} [get_hw_devices xc7a100t_0]
set_property FULL_PROBES.FILE {} [get_hw_devices xc7a100t_0]
set_property PROGRAM.FILE {C:/Users/ynn1999/FJTPDS/Lab3333.runs/impl_1/Combine.bit} [get_hw_devices xc7a100t_0]
program_hw_devices [get_hw_devices xc7a100t_0]
INFO: [Labtools 27-3164] End of startup status: HIGH
refresh_hw_device [lindex [get_hw_devices xc7a100t_0] 0]
INFO: [Labtools 27-1434] Device xc7a100t (JTAG device index = 0) is programmed with a design that has no supported debug core(s) in it.
reset_run synth_1
launch_runs impl_1 -to_step write_bitstream -jobs 6
[Wed Dec  9 19:23:29 2020] Launched synth_1...
Run output will be captured here: C:/Users/ynn1999/FJTPDS/Lab3333.runs/synth_1/runme.log
[Wed Dec  9 19:23:29 2020] Launched impl_1...
Run output will be captured here: C:/Users/ynn1999/FJTPDS/Lab3333.runs/impl_1/runme.log
set_property PROBES.FILE {} [get_hw_devices xc7a100t_0]
set_property FULL_PROBES.FILE {} [get_hw_devices xc7a100t_0]
set_property PROGRAM.FILE {C:/Users/ynn1999/FJTPDS/Lab3333.runs/impl_1/Combine.bit} [get_hw_devices xc7a100t_0]
program_hw_devices [get_hw_devices xc7a100t_0]
INFO: [Labtools 27-3164] End of startup status: HIGH
refresh_hw_device [lindex [get_hw_devices xc7a100t_0] 0]
INFO: [Labtools 27-1434] Device xc7a100t (JTAG device index = 0) is programmed with a design that has no supported debug core(s) in it.
reset_run synth_1
launch_runs impl_1 -to_step write_bitstream -jobs 6
[Wed Dec  9 19:26:44 2020] Launched synth_1...
Run output will be captured here: C:/Users/ynn1999/FJTPDS/Lab3333.runs/synth_1/runme.log
[Wed Dec  9 19:26:44 2020] Launched impl_1...
Run output will be captured here: C:/Users/ynn1999/FJTPDS/Lab3333.runs/impl_1/runme.log
set_property PROBES.FILE {} [get_hw_devices xc7a100t_0]
set_property FULL_PROBES.FILE {} [get_hw_devices xc7a100t_0]
set_property PROGRAM.FILE {C:/Users/ynn1999/FJTPDS/Lab3333.runs/impl_1/Combine.bit} [get_hw_devices xc7a100t_0]
program_hw_devices [get_hw_devices xc7a100t_0]
INFO: [Labtools 27-3164] End of startup status: HIGH
refresh_hw_device [lindex [get_hw_devices xc7a100t_0] 0]
INFO: [Labtools 27-1434] Device xc7a100t (JTAG device index = 0) is programmed with a design that has no supported debug core(s) in it.
reset_run synth_1
launch_runs impl_1 -to_step write_bitstream -jobs 6
[Wed Dec  9 19:29:26 2020] Launched synth_1...
Run output will be captured here: C:/Users/ynn1999/FJTPDS/Lab3333.runs/synth_1/runme.log
[Wed Dec  9 19:29:26 2020] Launched impl_1...
Run output will be captured here: C:/Users/ynn1999/FJTPDS/Lab3333.runs/impl_1/runme.log
set_property PROBES.FILE {} [get_hw_devices xc7a100t_0]
set_property FULL_PROBES.FILE {} [get_hw_devices xc7a100t_0]
set_property PROGRAM.FILE {C:/Users/ynn1999/FJTPDS/Lab3333.runs/impl_1/Combine.bit} [get_hw_devices xc7a100t_0]
program_hw_devices [get_hw_devices xc7a100t_0]
INFO: [Labtools 27-3164] End of startup status: HIGH
refresh_hw_device [lindex [get_hw_devices xc7a100t_0] 0]
INFO: [Labtools 27-1434] Device xc7a100t (JTAG device index = 0) is programmed with a design that has no supported debug core(s) in it.
reset_run synth_1
launch_runs impl_1 -to_step write_bitstream -jobs 6
[Wed Dec  9 19:36:22 2020] Launched synth_1...
Run output will be captured here: C:/Users/ynn1999/FJTPDS/Lab3333.runs/synth_1/runme.log
[Wed Dec  9 19:36:22 2020] Launched impl_1...
Run output will be captured here: C:/Users/ynn1999/FJTPDS/Lab3333.runs/impl_1/runme.log
set_property PROBES.FILE {} [get_hw_devices xc7a100t_0]
set_property FULL_PROBES.FILE {} [get_hw_devices xc7a100t_0]
set_property PROGRAM.FILE {C:/Users/ynn1999/FJTPDS/Lab3333.runs/impl_1/Combine.bit} [get_hw_devices xc7a100t_0]
program_hw_devices [get_hw_devices xc7a100t_0]
INFO: [Labtools 27-3164] End of startup status: HIGH
refresh_hw_device [lindex [get_hw_devices xc7a100t_0] 0]
INFO: [Labtools 27-1434] Device xc7a100t (JTAG device index = 0) is programmed with a design that has no supported debug core(s) in it.
close_hw
open_hw
reset_run synth_1
launch_runs impl_1 -to_step write_bitstream -jobs 6
[Wed Dec  9 19:42:53 2020] Launched synth_1...
Run output will be captured here: C:/Users/ynn1999/FJTPDS/Lab3333.runs/synth_1/runme.log
[Wed Dec  9 19:42:53 2020] Launched impl_1...
Run output will be captured here: C:/Users/ynn1999/FJTPDS/Lab3333.runs/impl_1/runme.log
connect_hw_server
INFO: [Labtools 27-2285] Connecting to hw_server url TCP:localhost:3121
open_hw_target
INFO: [Labtoolstcl 44-466] Opening hw_target localhost:3121/xilinx_tcf/Digilent/210292ABF8F8A
set_property PROGRAM.FILE {C:/Users/ynn1999/FJTPDS/Lab3333.runs/impl_1/Combine.bit} [get_hw_devices xc7a100t_0]
current_hw_device [get_hw_devices xc7a100t_0]
refresh_hw_device -update_hw_probes false [lindex [get_hw_devices xc7a100t_0] 0]
INFO: [Labtools 27-1434] Device xc7a100t (JTAG device index = 0) is programmed with a design that has no supported debug core(s) in it.
set_property PROBES.FILE {} [get_hw_devices xc7a100t_0]
set_property FULL_PROBES.FILE {} [get_hw_devices xc7a100t_0]
set_property PROGRAM.FILE {C:/Users/ynn1999/FJTPDS/Lab3333.runs/impl_1/Combine.bit} [get_hw_devices xc7a100t_0]
program_hw_devices [get_hw_devices xc7a100t_0]
INFO: [Labtools 27-3164] End of startup status: HIGH
refresh_hw_device [lindex [get_hw_devices xc7a100t_0] 0]
INFO: [Labtools 27-1434] Device xc7a100t (JTAG device index = 0) is programmed with a design that has no supported debug core(s) in it.
reset_run synth_1
launch_runs impl_1 -to_step write_bitstream -jobs 6
[Wed Dec  9 19:48:03 2020] Launched synth_1...
Run output will be captured here: C:/Users/ynn1999/FJTPDS/Lab3333.runs/synth_1/runme.log
[Wed Dec  9 19:48:03 2020] Launched impl_1...
Run output will be captured here: C:/Users/ynn1999/FJTPDS/Lab3333.runs/impl_1/runme.log
set_property PROBES.FILE {} [get_hw_devices xc7a100t_0]
set_property FULL_PROBES.FILE {} [get_hw_devices xc7a100t_0]
set_property PROGRAM.FILE {C:/Users/ynn1999/FJTPDS/Lab3333.runs/impl_1/Combine.bit} [get_hw_devices xc7a100t_0]
program_hw_devices [get_hw_devices xc7a100t_0]
INFO: [Labtools 27-3164] End of startup status: HIGH
refresh_hw_device [lindex [get_hw_devices xc7a100t_0] 0]
INFO: [Labtools 27-1434] Device xc7a100t (JTAG device index = 0) is programmed with a design that has no supported debug core(s) in it.
reset_run synth_1
launch_runs impl_1 -to_step write_bitstream -jobs 6
[Wed Dec  9 19:56:06 2020] Launched synth_1...
Run output will be captured here: C:/Users/ynn1999/FJTPDS/Lab3333.runs/synth_1/runme.log
[Wed Dec  9 19:56:06 2020] Launched impl_1...
Run output will be captured here: C:/Users/ynn1999/FJTPDS/Lab3333.runs/impl_1/runme.log
set_property PROBES.FILE {} [get_hw_devices xc7a100t_0]
set_property FULL_PROBES.FILE {} [get_hw_devices xc7a100t_0]
set_property PROGRAM.FILE {C:/Users/ynn1999/FJTPDS/Lab3333.runs/impl_1/Combine.bit} [get_hw_devices xc7a100t_0]
program_hw_devices [get_hw_devices xc7a100t_0]
INFO: [Labtools 27-3164] End of startup status: HIGH
refresh_hw_device [lindex [get_hw_devices xc7a100t_0] 0]
INFO: [Labtools 27-1434] Device xc7a100t (JTAG device index = 0) is programmed with a design that has no supported debug core(s) in it.
set_property PROBES.FILE {} [get_hw_devices xc7a100t_0]
set_property FULL_PROBES.FILE {} [get_hw_devices xc7a100t_0]
set_property PROGRAM.FILE {C:/Users/ynn1999/FJTPDS/Lab3333.runs/impl_1/Combine.bit} [get_hw_devices xc7a100t_0]
program_hw_devices [get_hw_devices xc7a100t_0]
INFO: [Labtools 27-3164] End of startup status: HIGH
refresh_hw_device [lindex [get_hw_devices xc7a100t_0] 0]
INFO: [Labtools 27-1434] Device xc7a100t (JTAG device index = 0) is programmed with a design that has no supported debug core(s) in it.
reset_run synth_1
launch_runs impl_1 -to_step write_bitstream -jobs 6
[Wed Dec  9 20:01:21 2020] Launched synth_1...
Run output will be captured here: C:/Users/ynn1999/FJTPDS/Lab3333.runs/synth_1/runme.log
[Wed Dec  9 20:01:21 2020] Launched impl_1...
Run output will be captured here: C:/Users/ynn1999/FJTPDS/Lab3333.runs/impl_1/runme.log
set_property PROBES.FILE {} [get_hw_devices xc7a100t_0]
set_property FULL_PROBES.FILE {} [get_hw_devices xc7a100t_0]
set_property PROGRAM.FILE {C:/Users/ynn1999/FJTPDS/Lab3333.runs/impl_1/Combine.bit} [get_hw_devices xc7a100t_0]
program_hw_devices [get_hw_devices xc7a100t_0]
INFO: [Labtools 27-3164] End of startup status: HIGH
refresh_hw_device [lindex [get_hw_devices xc7a100t_0] 0]
INFO: [Labtools 27-1434] Device xc7a100t (JTAG device index = 0) is programmed with a design that has no supported debug core(s) in it.
reset_run synth_1
launch_runs impl_1 -to_step write_bitstream -jobs 6
[Wed Dec  9 20:08:36 2020] Launched synth_1...
Run output will be captured here: C:/Users/ynn1999/FJTPDS/Lab3333.runs/synth_1/runme.log
[Wed Dec  9 20:08:36 2020] Launched impl_1...
Run output will be captured here: C:/Users/ynn1999/FJTPDS/Lab3333.runs/impl_1/runme.log
set_property PROBES.FILE {} [get_hw_devices xc7a100t_0]
set_property FULL_PROBES.FILE {} [get_hw_devices xc7a100t_0]
set_property PROGRAM.FILE {C:/Users/ynn1999/FJTPDS/Lab3333.runs/impl_1/Combine.bit} [get_hw_devices xc7a100t_0]
program_hw_devices [get_hw_devices xc7a100t_0]
INFO: [Labtools 27-3164] End of startup status: HIGH
refresh_hw_device [lindex [get_hw_devices xc7a100t_0] 0]
INFO: [Labtools 27-1434] Device xc7a100t (JTAG device index = 0) is programmed with a design that has no supported debug core(s) in it.
reset_run synth_1
launch_runs impl_1 -to_step write_bitstream -jobs 6
[Wed Dec  9 20:13:55 2020] Launched synth_1...
Run output will be captured here: C:/Users/ynn1999/FJTPDS/Lab3333.runs/synth_1/runme.log
[Wed Dec  9 20:13:56 2020] Launched impl_1...
Run output will be captured here: C:/Users/ynn1999/FJTPDS/Lab3333.runs/impl_1/runme.log
set_property PROBES.FILE {} [get_hw_devices xc7a100t_0]
set_property FULL_PROBES.FILE {} [get_hw_devices xc7a100t_0]
set_property PROGRAM.FILE {C:/Users/ynn1999/FJTPDS/Lab3333.runs/impl_1/Combine.bit} [get_hw_devices xc7a100t_0]
program_hw_devices [get_hw_devices xc7a100t_0]
INFO: [Labtools 27-3164] End of startup status: HIGH
refresh_hw_device [lindex [get_hw_devices xc7a100t_0] 0]
INFO: [Labtools 27-1434] Device xc7a100t (JTAG device index = 0) is programmed with a design that has no supported debug core(s) in it.
